<?xml version="1.0" encoding="UTF-8"?>
<!-- Generated by org.testng.reporters.JUnitXMLReporter -->
<testsuite ignored="1" hostname="LAPTOP-NMT7PGGN" failures="0" tests="1" name="Default test" time="9.79" errors="0" timestamp="2025-11-13T22:47:20 IST">
  <testcase classname="giftCardTest.GiftCardTest" name="getGiftPrices" time="5.603"/>
  <testcase classname="giftCardTest.GiftCardTest" name="getGiftCards" time="0.0">
    <ignored/>
  </testcase> <!-- getGiftCards -->
</testsuite> <!-- Default test -->
