<?xml version="1.0" encoding="UTF-8"?>
<testng-results ignored="0" total="2" passed="2" failed="0" skipped="0">
  <reporter-output>
  </reporter-output>
  <suite started-at="2025-11-13T00:04:45 IST" name="Suite" finished-at="2025-11-13T00:04:52 IST" duration-ms="6469">
    <groups>
    </groups>
    <test started-at="2025-11-13T00:04:45 IST" name="Test" finished-at="2025-11-13T00:04:52 IST" duration-ms="6469">
      <class name="homePageTest.HomePageTest">
        <test-method is-config="true" signature="launchApplication()[pri:0, instance:homePageTest.HomePageTest@7f3b84b8]" started-at="2025-11-13T00:04:45 IST" name="launchApplication" finished-at="2025-11-13T00:04:48 IST" duration-ms="2937" status="PASS">
          <reporter-output>
          </reporter-output>
        </test-method> <!-- launchApplication -->
        <test-method signature="getAllProductType()[pri:0, instance:homePageTest.HomePageTest@7f3b84b8]" started-at="2025-11-13T00:04:48 IST" name="getAllProductType" finished-at="2025-11-13T00:04:49 IST" duration-ms="318" status="PASS">
          <reporter-output>
          </reporter-output>
        </test-method> <!-- getAllProductType -->
        <test-method signature="run()[pri:0, instance:homePageTest.HomePageTest@7f3b84b8]" started-at="2025-11-13T00:04:49 IST" name="run" finished-at="2025-11-13T00:04:51 IST" duration-ms="2722" status="PASS">
          <reporter-output>
          </reporter-output>
        </test-method> <!-- run -->
        <test-method is-config="true" signature="tearDown()[pri:0, instance:homePageTest.HomePageTest@7f3b84b8]" started-at="2025-11-13T00:04:51 IST" name="tearDown" finished-at="2025-11-13T00:04:52 IST" duration-ms="450" status="PASS">
          <reporter-output>
          </reporter-output>
        </test-method> <!-- tearDown -->
      </class> <!-- homePageTest.HomePageTest -->
    </test> <!-- Test -->
  </suite> <!-- Suite -->
</testng-results>
