<?xml version="1.0" encoding="UTF-8"?>
<testng-results ignored="1" total="2" passed="1" failed="0" skipped="0">
  <reporter-output>
  </reporter-output>
  <suite started-at="2025-11-13T22:47:10 IST" name="Default suite" finished-at="2025-11-13T22:47:20 IST" duration-ms="9790">
    <groups>
    </groups>
    <test started-at="2025-11-13T22:47:10 IST" name="Default test" finished-at="2025-11-13T22:47:20 IST" duration-ms="9790">
      <class name="giftCardTest.GiftCardTest">
        <test-method is-config="true" signature="launchApplication()[pri:0, instance:giftCardTest.GiftCardTest@682b2fa]" started-at="2025-11-13T22:47:10 IST" name="launchApplication" finished-at="2025-11-13T22:47:14 IST" duration-ms="4151" status="PASS">
          <reporter-output>
          </reporter-output>
        </test-method> <!-- launchApplication -->
        <test-method signature="getGiftPrices()[pri:0, instance:giftCardTest.GiftCardTest@682b2fa]" started-at="2025-11-13T22:47:14 IST" name="getGiftPrices" finished-at="2025-11-13T22:47:20 IST" duration-ms="5603" status="PASS">
          <reporter-output>
          </reporter-output>
        </test-method> <!-- getGiftPrices -->
      </class> <!-- giftCardTest.GiftCardTest -->
    </test> <!-- Default test -->
  </suite> <!-- Default suite -->
</testng-results>
