<?xml version="1.0" encoding="UTF-8"?>
<testng-results ignored="0" total="1" passed="1" failed="0" skipped="0">
  <reporter-output>
  </reporter-output>
  <suite started-at="2025-11-12T23:43:13 IST" name="Suite" finished-at="2025-11-12T23:43:16 IST" duration-ms="3400">
    <groups>
    </groups>
    <test started-at="2025-11-12T23:43:13 IST" name="Test" finished-at="2025-11-12T23:43:16 IST" duration-ms="3400">
      <class name="homePageTest.HomePageTest">
        <test-method is-config="true" signature="launchApplication()[pri:0, instance:homePageTest.HomePageTest@443118b0]" started-at="2025-11-12T23:43:13 IST" name="launchApplication" finished-at="2025-11-12T23:43:16 IST" duration-ms="3100" status="PASS">
          <reporter-output>
          </reporter-output>
        </test-method> <!-- launchApplication -->
        <test-method signature="getAllProductType()[pri:0, instance:homePageTest.HomePageTest@443118b0]" started-at="2025-11-12T23:43:16 IST" name="getAllProductType" finished-at="2025-11-12T23:43:16 IST" duration-ms="267" status="PASS">
          <reporter-output>
          </reporter-output>
        </test-method> <!-- getAllProductType -->
      </class> <!-- homePageTest.HomePageTest -->
    </test> <!-- Test -->
  </suite> <!-- Suite -->
</testng-results>
