<?xml version="1.0" encoding="UTF-8"?>
<!-- Generated by org.testng.reporters.JUnitReportReporter -->
<testsuite hostname="LAPTOP-NMT7PGGN" failures="0" tests="2" name="giftCardTest.GiftCardTest" time="5.603" errors="0" timestamp="2025-11-13T22:47:20 IST" skipped="1">
  <testcase classname="giftCardTest.GiftCardTest" name="getGiftPrices" time="5.603"/>
  <testcase classname="giftCardTest.GiftCardTest" name="getGiftCards">
    <skipped/>
  </testcase> <!-- getGiftCards -->
</testsuite> <!-- giftCardTest.GiftCardTest -->
